<?xml version="1.0" encoding="UTF-8"?>
<testsuite name="| #78K4 | Snowman Magic | Pre-K-1 | by Katherine Tegen | 12.99 |" time="0.015" tests="20" errors="0" skipped="0" failures="0">
  <properties>
[...]
</properties>
  <testcase name="Given A Parent Who is logged-in" classname="| #35G4 | Harry Potter and the Sorcerer’s Stone: Illustrated Edition | 3-7 | by J.K. Rowling | 39.99 |" time="0"/>
  <testcase name="When the parent searches for &quot;#35G4&quot;" classname="| #35G4 | Harry Potter and the Sorcerer’s Stone: Illustrated Edition | 3-7 | by J.K. Rowling | 39.99 |" time="0"/>
  <testcase name="Then the parent should be presented with the &quot;Harry Potter and the Sorcerer’s Stone: Illustrated Edition&quot;, &quot;3-7&quot;, &quot;by J.K. Rowling&quot;, &quot;39.99&quot;" classname="| #35G4 | Harry Potter and the Sorcerer’s Stone: Illustrated Edition | 3-7 | by J.K. Rowling | 39.99 |" time="0"/>
  <testcase name="| #35G4 | Harry Potter and the Sorcerer’s Stone: Illustrated Edition | 3-7 | by J.K. Rowling | 39.99 |" classname="| #35G4 | Harry Potter and the Sorcerer’s Stone: Illustrated Edition | 3-7 | by J.K. Rowling | 39.99 |" time="0"/>
  <testcase name="Given A Parent Who is logged-in" classname="| #14L5 | Old School | 3-7 | Jeff Kinney | 13.95 |" time="0"/>
  <testcase name="When the parent searches for &quot;#14L5&quot;" classname="| #14L5 | Old School | 3-7 | Jeff Kinney | 13.95 |" time="0"/>
  <testcase name="Then the parent should be presented with the &quot;Old School&quot;, &quot;3-7&quot;, &quot;Jeff Kinney&quot;, &quot;13.95&quot;" classname="| #14L5 | Old School | 3-7 | Jeff Kinney | 13.95 |" time="0"/>
  <testcase name="| #14L5 | Old School | 3-7 | Jeff Kinney | 13.95 |" classname="| #14L5 | Old School | 3-7 | Jeff Kinney | 13.95 |" time="0.015"/>
  <testcase name="Given A Parent Who is logged-in" classname="| #44T4 | The Marvels | 4-7 | by Brian Selznick | 32.99 |" time="0"/>
  <testcase name="When the parent searches for &quot;#44T4&quot;" classname="| #44T4 | The Marvels | 4-7 | by Brian Selznick | 32.99 |" time="0"/>
  <testcase name="Then the parent should be presented with the &quot;The Marvels&quot;, &quot;4-7&quot;, &quot;by Brian Selznick&quot;, &quot;32.99&quot;" classname="| #44T4 | The Marvels | 4-7 | by Brian Selznick | 32.99 |" time="0"/>
  <testcase name="| #44T4 | The Marvels | 4-7 | by Brian Selznick | 32.99 |" classname="| #44T4 | The Marvels | 4-7 | by Brian Selznick | 32.99 |" time="0"/>
  <testcase name="Given A Parent Who is logged-in" classname="| #21B4 | Flip and Flop | Pre-K-2 | by Dawn Apperley | 12.95 |" time="0"/>
  <testcase name="When the parent searches for &quot;#21B4&quot;" classname="| #21B4 | Flip and Flop | Pre-K-2 | by Dawn Apperley | 12.95 |" time="0"/>
  <testcase name="Then the parent should be presented with the &quot;Flip and Flop&quot;, &quot;Pre-K-2&quot;, &quot;by Dawn Apperley&quot;, &quot;12.95&quot;" classname="| #21B4 | Flip and Flop | Pre-K-2 | by Dawn Apperley | 12.95 |" time="0"/>
  <testcase name="| #21B4 | Flip and Flop | Pre-K-2 | by Dawn Apperley | 12.95 |" classname="| #21B4 | Flip and Flop | Pre-K-2 | by Dawn Apperley | 12.95 |" time="0"/>
  <testcase name="Given A Parent Who is logged-in" classname="| #78K4 | Snowman Magic | Pre-K-1 | by Katherine Tegen | 12.99 |" time="0"/>
  <testcase name="When the parent searches for &quot;#78K4&quot;" classname="| #78K4 | Snowman Magic | Pre-K-1 | by Katherine Tegen | 12.99 |" time="0"/>
  <testcase name="Then the parent should be presented with the &quot;Snowman Magic&quot;, &quot;Pre-K-1&quot;, &quot;by Katherine Tegen&quot;, &quot;12.99&quot;" classname="| #78K4 | Snowman Magic | Pre-K-1 | by Katherine Tegen | 12.99 |" time="0"/>
  <testcase name="| #78K4 | Snowman Magic | Pre-K-1 | by Katherine Tegen | 12.99 |" classname="| #78K4 | Snowman Magic | Pre-K-1 | by Katherine Tegen | 12.99 |" time="0"/>
</testsuite>